<?xml version="1.0" encoding="UTF-8" ?>
<testsuite tests="38" failures="0" name="runner.TestRunner" time="0.03" errors="0" skipped="0">
  <properties>
    <property name="java.runtime.name" value="Java(TM) SE Runtime Environment"/>
    <property name="sun.boot.library.path" value="C:\Program Files\Java\jdk1.8.0_321\jre\bin"/>
    <property name="java.vm.version" value="25.321-b07"/>
    <property name="java.vm.vendor" value="Oracle Corporation"/>
    <property name="maven.multiModuleProjectDirectory" value="G:\srinedigital\srilakshmi-nedigital"/>
    <property name="java.vendor.url" value="http://java.oracle.com/"/>
    <property name="path.separator" value=";"/>
    <property name="guice.disable.misplaced.annotation.check" value="true"/>
    <property name="java.vm.name" value="Java HotSpot(TM) 64-Bit Server VM"/>
    <property name="file.encoding.pkg" value="sun.io"/>
    <property name="user.script" value=""/>
    <property name="user.country" value="US"/>
    <property name="sun.java.launcher" value="SUN_STANDARD"/>
    <property name="sun.os.patch.level" value=""/>
    <property name="java.vm.specification.name" value="Java Virtual Machine Specification"/>
    <property name="user.dir" value="G:\srinedigital\srilakshmi-nedigital"/>
    <property name="java.runtime.version" value="1.8.0_321-b07"/>
    <property name="java.awt.graphicsenv" value="sun.awt.Win32GraphicsEnvironment"/>
    <property name="java.endorsed.dirs" value="C:\Program Files\Java\jdk1.8.0_321\jre\lib\endorsed"/>
    <property name="os.arch" value="amd64"/>
    <property name="java.io.tmpdir" value="C:\Users\lenovo\AppData\Local\Temp\"/>
    <property name="line.separator" value="
"/>
    <property name="java.vm.specification.vendor" value="Oracle Corporation"/>
    <property name="user.variant" value=""/>
    <property name="os.name" value="Windows 10"/>
    <property name="classworlds.conf" value="C:\Program Files\apache-maven-3.8.1\bin\..\bin\m2.conf"/>
    <property name="sun.jnu.encoding" value="Cp1252"/>
    <property name="java.library.path" value="C:\Program Files\Java\jdk1.8.0_321\bin;C:\WINDOWS\Sun\Java\bin;C:\WINDOWS\system32;C:\WINDOWS;C:\Program Files (x86)\Common Files\Oracle\Java\javapath;C:\WINDOWS\system32;C:\WINDOWS;C:\WINDOWS\System32\Wbem;C:\WINDOWS\System32\WindowsPowerShell\v1.0\;C:\WINDOWS\System32\OpenSSH\;C:\Program Files\apache-maven-3.8.1\bin;C:\Program Files\Java\jdk1.8.0_321\bin;C:\Program Files\Git\cmd;C:\Users\lenovo\AppData\Local\Microsoft\WindowsApps;C:\Program Files\Java\jdk1.8.0_321\bin;;."/>
    <property name="maven.conf" value="C:\Program Files\apache-maven-3.8.1\bin\../conf"/>
    <property name="java.specification.name" value="Java Platform API Specification"/>
    <property name="java.class.version" value="52.0"/>
    <property name="sun.management.compiler" value="HotSpot 64-Bit Tiered Compilers"/>
    <property name="os.version" value="10.0"/>
    <property name="library.jansi.path" value="C:\Program Files\apache-maven-3.8.1\bin\..\lib\jansi-native"/>
    <property name="user.home" value="C:\Users\lenovo"/>
    <property name="user.timezone" value="Asia/Calcutta"/>
    <property name="java.awt.printerjob" value="sun.awt.windows.WPrinterJob"/>
    <property name="java.specification.version" value="1.8"/>
    <property name="file.encoding" value="Cp1252"/>
    <property name="user.name" value="lenovo"/>
    <property name="java.class.path" value="C:\Program Files\apache-maven-3.8.1\bin\..\boot\plexus-classworlds-2.6.0.jar"/>
    <property name="java.vm.specification.version" value="1.8"/>
    <property name="sun.arch.data.model" value="64"/>
    <property name="java.home" value="C:\Program Files\Java\jdk1.8.0_321\jre"/>
    <property name="sun.java.command" value="org.codehaus.plexus.classworlds.launcher.Launcher test"/>
    <property name="java.specification.vendor" value="Oracle Corporation"/>
    <property name="user.language" value="en"/>
    <property name="awt.toolkit" value="sun.awt.windows.WToolkit"/>
    <property name="java.vm.info" value="mixed mode"/>
    <property name="java.version" value="1.8.0_321"/>
    <property name="java.ext.dirs" value="C:\Program Files\Java\jdk1.8.0_321\jre\lib\ext;C:\WINDOWS\Sun\Java\lib\ext"/>
    <property name="sun.boot.class.path" value="C:\Program Files\Java\jdk1.8.0_321\jre\lib\resources.jar;C:\Program Files\Java\jdk1.8.0_321\jre\lib\rt.jar;C:\Program Files\Java\jdk1.8.0_321\jre\lib\sunrsasign.jar;C:\Program Files\Java\jdk1.8.0_321\jre\lib\jsse.jar;C:\Program Files\Java\jdk1.8.0_321\jre\lib\jce.jar;C:\Program Files\Java\jdk1.8.0_321\jre\lib\charsets.jar;C:\Program Files\Java\jdk1.8.0_321\jre\lib\jfr.jar;C:\Program Files\Java\jdk1.8.0_321\jre\classes"/>
    <property name="sun.stderr.encoding" value="cp437"/>
    <property name="java.vendor" value="Oracle Corporation"/>
    <property name="maven.home" value="C:\Program Files\apache-maven-3.8.1\bin\.."/>
    <property name="file.separator" value="\"/>
    <property name="java.vendor.url.bug" value="http://bugreport.sun.com/bugreport/"/>
    <property name="sun.cpu.endian" value="little"/>
    <property name="sun.io.unicode.encoding" value="UnicodeLittle"/>
    <property name="sun.stdout.encoding" value="cp437"/>
    <property name="sun.desktop" value="windows"/>
    <property name="sun.cpu.isalist" value="amd64"/>
  </properties>
  <testcase classname="| Sri | remote | windows | Command Line | 5 | Used windows with cmd line |" name="Given Launch the Application" time="0.026"/>
  <testcase classname="| Sri | remote | windows | Command Line | 5 | Used windows with cmd line |" name="Then Title of the page  is displayed as Example" time="0"/>
  <testcase classname="| Sri | remote | windows | Command Line | 5 | Used windows with cmd line |" name="When User enters the name as &quot;Sri&quot;" time="0"/>
  <testcase classname="| Sri | remote | windows | Command Line | 5 | Used windows with cmd line |" name="And selects inputs as &quot;remote&quot;,&quot;windows&quot;,&quot;Command Line&quot;" time="0"/>
  <testcase classname="| Sri | remote | windows | Command Line | 5 | Used windows with cmd line |" name="And selects tried Testcafe,&quot;5&quot; ,enter comments as &quot;Used windows with cmd line&quot;and submit" time="0"/>
  <testcase classname="| Sri | remote | windows | Command Line | 5 | Used windows with cmd line |" name="Then Thankyou page is  displayed with text  &quot;Thank you, Sri!&quot;" time="0"/>
  <testcase classname="| Sri | remote | windows | Command Line | 5 | Used windows with cmd line |" name="| Sri | remote | windows | Command Line | 5 | Used windows with cmd line |" time="0.001"/>
  <testcase classname="| lakshmi | re-using | macos | JavaScript API | 6 | Used mac with api |" name="Given Launch the Application" time="0"/>
  <testcase classname="| lakshmi | re-using | macos | JavaScript API | 6 | Used mac with api |" name="Then Title of the page  is displayed as Example" time="0"/>
  <testcase classname="| lakshmi | re-using | macos | JavaScript API | 6 | Used mac with api |" name="When User enters the name as &quot;lakshmi&quot;" time="0"/>
  <testcase classname="| lakshmi | re-using | macos | JavaScript API | 6 | Used mac with api |" name="And selects inputs as &quot;re-using&quot;,&quot;macos&quot;,&quot;JavaScript API&quot;" time="0.001"/>
  <testcase classname="| lakshmi | re-using | macos | JavaScript API | 6 | Used mac with api |" name="And selects tried Testcafe,&quot;6&quot; ,enter comments as &quot;Used mac with api&quot;and submit" time="0"/>
  <testcase classname="| lakshmi | re-using | macos | JavaScript API | 6 | Used mac with api |" name="Then Thankyou page is  displayed with text  &quot;Thank you, lakshmi!&quot;" time="0"/>
  <testcase classname="| lakshmi | re-using | macos | JavaScript API | 6 | Used mac with api |" name="| lakshmi | re-using | macos | JavaScript API | 6 | Used mac with api |" time="0"/>
  <testcase classname="| koppolu | background | linux | Both | 8 | Used linux |" name="Given Launch the Application" time="0"/>
  <testcase classname="| koppolu | background | linux | Both | 8 | Used linux |" name="Then Title of the page  is displayed as Example" time="0"/>
  <testcase classname="| koppolu | background | linux | Both | 8 | Used linux |" name="When User enters the name as &quot;koppolu&quot;" time="0"/>
  <testcase classname="| koppolu | background | linux | Both | 8 | Used linux |" name="And selects inputs as &quot;background&quot;,&quot;linux&quot;,&quot;Both&quot;" time="0"/>
  <testcase classname="| koppolu | background | linux | Both | 8 | Used linux |" name="And selects tried Testcafe,&quot;8&quot; ,enter comments as &quot;Used linux&quot;and submit" time="0"/>
  <testcase classname="| koppolu | background | linux | Both | 8 | Used linux |" name="Then Thankyou page is  displayed with text  &quot;Thank you, koppolu!&quot;" time="0"/>
  <testcase classname="| koppolu | background | linux | Both | 8 | Used linux |" name="| koppolu | background | linux | Both | 8 | Used linux |" time="0.001"/>
  <testcase classname="| Sri | remote | windows | Command Line |" name="Given Launch the Application" time="0"/>
  <testcase classname="| Sri | remote | windows | Command Line |" name="When User enters the name as &quot;Sri&quot;" time="0"/>
  <testcase classname="| Sri | remote | windows | Command Line |" name="And selects inputs as &quot;remote&quot;,&quot;windows&quot;,&quot;Command Line&quot;" time="0"/>
  <testcase classname="| Sri | remote | windows | Command Line |" name="And Don&apos;t select tried Testcafe and submit" time="0"/>
  <testcase classname="| Sri | remote | windows | Command Line |" name="Then Thankyou page is  displayed with text  &quot;Thank you, Sri!&quot;" time="0"/>
  <testcase classname="| Sri | remote | windows | Command Line |" name="| Sri | remote | windows | Command Line |" time="0"/>
  <testcase classname="| Sri | remote | windows | Command Line |" name="Given Launch the Application" time="0"/>
  <testcase classname="| Sri | remote | windows | Command Line |" name="When User enters the name as &quot;Sri&quot;" time="0"/>
  <testcase classname="| Sri | remote | windows | Command Line |" name="And selects inputs as &quot;remote&quot;,&quot;windows&quot;,&quot;Command Line&quot;" time="0"/>
  <testcase classname="| Sri | remote | windows | Command Line |" name="And tried Testcafe checkbox is not selected" time="0"/>
  <testcase classname="| Sri | remote | windows | Command Line |" name="Then Ratingslider and Comments are not enabled" time="0"/>
  <testcase classname="| Sri | remote | windows | Command Line |" name="| Sri | remote | windows | Command Line |" time="0"/>
  <testcase classname="| Sri |" name="Given Launch the Application" time="0"/>
  <testcase classname="| Sri |" name="When User enters the name as &quot;Sri&quot;" time="0"/>
  <testcase classname="| Sri |" name="And click on populate" time="0"/>
  <testcase classname="| Sri |" name="Then Reset Information Popup is displayed" time="0"/>
  <testcase classname="| Sri |" name="| Sri |" time="0.001"/>
</testsuite>